<?xml version="1.0" encoding="UTF-8"?>
<!-- Generated by org.testng.reporters.JUnitReportReporter -->
<testsuite hostname="bcedbeeced305226465baaaccbaafebfaone-0" failures="0" tests="3" name="runner.Testcase1" time="37.710" errors="0" timestamp="2023-09-18T21:38:52 UTC" skipped="0">
  <testcase classname="runner.Testcase1" name="TC_001" time="9.566"/>
  <testcase classname="runner.Testcase1" name="TC_002" time="13.138"/>
  <testcase classname="runner.Testcase1" name="TC_003" time="15.006"/>
</testsuite> <!-- runner.Testcase1 -->
